Sat Jan 26 17:41:02 2019
运行测试2Sat Jan 26 17:42:36 2019
运行测试2Sat Jan 26 17:42:36 2019
运行测试3Sat Jan 26 17:44:35 2019
运行测试2
Sat Jan 26 17:44:35 2019
运行测试3
Sat Jan 26 17:45:22 2019

Sat Jan 26 17:45:22 2019

Sat Jan 26 17:46:44 2019
运行测试2
Sat Jan 26 17:46:44 2019
运行测试3
Sat Jan 26 17:53:18 2019
运行测试2
Sat Jan 26 17:53:18 2019
运行测试3
|2019-01-26 18:03:38| 运行测试2
|2019-01-26 18:03:38| 运行测试3
|2019-01-26 20:38:00| 测试
|2019-01-26 20:38:57| 测试
|2019-01-26 21:22:34| 测试
|2019-01-26 21:23:38| 测试
|2019-01-26 21:23:55| 测试
|2019-01-26 23:15:15| test menu, divid into two parts, menu and show 
|2019-01-26 23:18:42| test menu, divid into two parts, menu and show 
|2019-01-26 23:18:55| test menu, divid into two parts, menu and show 
|2019-01-26 23:22:14| test menu, divid into two parts, menu and show 
|2019-01-27 20:46:43| test menu, divid into two parts, menu and show 
|2019-01-27 20:49:11| test menu, divid into two parts, menu and show 
|2019-01-27 20:49:40| test menu, divid into two parts, menu and show 
|2019-01-27 20:54:22| test menu, user login model 
|2019-01-27 20:56:44| test menu, user login model 
|2019-01-27 20:59:59| test menu, user login model 
|2019-01-27 21:00:41| test menu, user login model 
|2019-01-27 21:03:08| test menu, user login model 
|2019-01-27 21:03:42| test menu, user login model 
|2019-01-27 21:04:46| test menu, user login model 
|2019-01-27 21:05:45| test menu, user login model 
|2019-01-27 21:07:38| test menu, user login model 
|2019-01-27 21:08:18| test menu, user login model 
|2019-01-27 21:08:46| test menu, user login model 
|2019-01-27 21:10:50| test menu, user login model 
|2019-01-27 21:11:56| test menu, user login model 
|2019-01-27 21:13:55| test menu, user login model 
|2019-01-27 21:14:26| test menu, user login model 
|2019-01-27 21:14:49| test menu, user login model 
|2019-01-27 21:16:34| test menu, user login model 
|2019-01-27 21:16:54| test menu, user login model 
|2019-01-27 21:17:50| test menu, user login model 
|2019-01-27 21:18:37| test menu, user login model 
|2019-01-27 21:19:05| test menu, user login model 
|2019-01-27 21:22:40| test menu, user login model 
